<?xml version="1.0" encoding="UTF-8"?>
<!--

Test whith a xml-model PI (wich in not used)

-->
<?xml-model href="test.rng" type="application/xml" schematypens="http://relaxng.org/ns/structure/1.0"?>
<counter xmlns="http://exemple.com/foo/ns">
  <item/>
  <item/>
  <item/>
</counter>
